IP: 127.0.0.1 - Port: 39852 - Request: {
    "name": "John Doe",
    "age": 30,
    "city": "New York"
}


IP: 127.0.0.1 - Port: 39860 - Request: {
    "name": "John Doe",
    "age": 30,
    "city": "New York"
}


IP: 127.0.0.1 - Port: 46698 - Request: {
    "name": "John Doe",
    "age": 30,
    "city": "New York"
}


IP: 127.0.0.1 - Port: 46708 - Request: {
    "name": "John Doe",
    "age": 30,
    "city": "New York"
}


IP: 127.0.0.1 - Port: 46722 - Request: {
    "name": "John Doe",
    "age": 30,
    "city": "New York"
}


IP: 127.0.0.1 - Port: 46732 - Request: {
    "name": "John Doe",
    "age": 30,
    "city": "New York"
}


IP: 127.0.0.1 - Port: 60764 - Request: {
    "name": "John Doe",
    "age": 30,
    "city": "New York"
}


IP: 127.0.0.1 - Port: 60772 - Request: {
    "name": "John Doe",
    "age": 30,
    "city": "New York"
}


IP: 127.0.0.1 - Port: 50058 - Request: {
    "name": "John Doe",
    "age": 30,
    "city": "New York"
}


IP: 127.0.0.1 - Port: 50062 - Request: {
    "name": "John Doe",
    "age": 30,
    "city": "New York"
}


IP: 127.0.0.1 - Port: 50072 - Request: {
    "name": "John Doe",
    "age": 30,
    "city": "New York"
}


IP: 127.0.0.1 - Port: 50078 - Request: {
    "name": "John Doe",
    "age": 30,
    "city": "New York"
}


IP: 127.0.0.1 - Port: 58714 - Request: {
    "name": "John Doe",
    "age": 30,
    "city": "New York"
}


IP: 127.0.0.1 - Port: 58720 - Request: {
    "name": "John Doe",
    "age": 30,
    "city": "New York"
}


IP: 127.0.0.1 - Port: 47482 - Request: {
    "name": "John Doe",
    "age": 30,
    "city": "New York"
}


IP: 127.0.0.1 - Port: 47498 - Request: {
    "name": "John Doe",
    "age": 30,
    "city": "New York"
}


IP: 127.0.0.1 - Port: 45870 - Request: {
    "name": "John Doe",
    "age": 30,
    "city": "New York"
}


IP: 127.0.0.1 - Port: 45872 - Request: {
    "name": "John Doe",
    "age": 30,
    "city": "New York"
}


IP: 127.0.0.1 - Port: 39682
IP: 127.0.0.1 - Port: 39688
IP: 127.0.0.1 - Port: 57124
IP: 127.0.0.1 - Port: 57134
IP: 127.0.0.1 - Port: 43320
IP: 127.0.0.1 - Port: 43328
